  Appearance.cpp
  Application.cpp
C:\Users\thoma\Documents\GitHub\Graphics_Proj_Sem1\Graphics_Proj_Sem1\Application.cpp(134,54): warning C4244: 'argument': conversion from 'UINT' to 'FLOAT', possible loss of data
C:\Users\thoma\Documents\GitHub\Graphics_Proj_Sem1\Graphics_Proj_Sem1\Application.cpp(134,40): warning C4244: 'argument': conversion from 'UINT' to 'FLOAT', possible loss of data
C:\Users\thoma\Documents\GitHub\Graphics_Proj_Sem1\Graphics_Proj_Sem1\Application.cpp(752,25): warning C4244: 'initializing': conversion from 'ULONGLONG' to 'DWORD', possible loss of data
  Camera.cpp
  CubeClass.cpp
  DDSTextureLoader.cpp
  DX11 Framework.cpp
  Matrix.cpp
  GameObj.cpp
  OBJLoader.cpp
  Terrainclass.cpp
  Transform.cpp
C:\Users\thoma\Documents\GitHub\Graphics_Proj_Sem1\Graphics_Proj_Sem1\Transform.cpp(18,30): warning C4100: 't': unreferenced formal parameter
  Vector3D.cpp
C:\Users\thoma\Documents\GitHub\Graphics_Proj_Sem1\Graphics_Proj_Sem1\Vector3D.cpp(119,50): warning C4239: nonstandard extension used: 'return': conversion from 'Vector3D' to 'Vector3D &'
C:\Users\thoma\Documents\GitHub\Graphics_Proj_Sem1\Graphics_Proj_Sem1\Vector3D.cpp(119,50): message : A non-const reference may only be bound to an lvalue
  Generating code
  Previous IPDB not found, fall back to full compilation.
  All 531 functions were compiled because no usable IPDB/IOBJ from previous compilation was found.
  Finished generating code
  DX11 Framework.vcxproj -> C:\Users\thoma\Documents\GitHub\Graphics_Proj_Sem1\Graphics_Proj_Sem1\Release\DX11 Framework.exe
