c:\users\thoma\documents\github\graphics_proj_sem1\graphics_proj_sem1\release\vc142.pdb
c:\users\thoma\documents\github\graphics_proj_sem1\graphics_proj_sem1\release\vector3d.obj
c:\users\thoma\documents\github\graphics_proj_sem1\graphics_proj_sem1\release\transform.obj
c:\users\thoma\documents\github\graphics_proj_sem1\graphics_proj_sem1\release\terrainclass.obj
c:\users\thoma\documents\github\graphics_proj_sem1\graphics_proj_sem1\release\objloader.obj
c:\users\thoma\documents\github\graphics_proj_sem1\graphics_proj_sem1\release\gameobj.obj
c:\users\thoma\documents\github\graphics_proj_sem1\graphics_proj_sem1\release\matrix.obj
c:\users\thoma\documents\github\graphics_proj_sem1\graphics_proj_sem1\release\dx11 framework.obj
c:\users\thoma\documents\github\graphics_proj_sem1\graphics_proj_sem1\release\ddstextureloader.obj
c:\users\thoma\documents\github\graphics_proj_sem1\graphics_proj_sem1\release\cubeclass.obj
c:\users\thoma\documents\github\graphics_proj_sem1\graphics_proj_sem1\release\camera.obj
c:\users\thoma\documents\github\graphics_proj_sem1\graphics_proj_sem1\release\application.obj
c:\users\thoma\documents\github\graphics_proj_sem1\graphics_proj_sem1\release\appearance.obj
c:\users\thoma\documents\github\graphics_proj_sem1\graphics_proj_sem1\release\dx11 framework.ipdb
c:\users\thoma\documents\github\graphics_proj_sem1\graphics_proj_sem1\release\dx11 framework.iobj
c:\users\thoma\documents\github\graphics_proj_sem1\graphics_proj_sem1\release\dx11 framework.exe
c:\users\thoma\documents\github\graphics_proj_sem1\graphics_proj_sem1\release\dx11 framework.pdb
c:\users\thoma\documents\github\graphics_proj_sem1\graphics_proj_sem1\release\dx11 framework.res
c:\users\thoma\documents\github\graphics_proj_sem1\graphics_proj_sem1\release\dx11 framework.tlog\cl.command.1.tlog
c:\users\thoma\documents\github\graphics_proj_sem1\graphics_proj_sem1\release\dx11 framework.tlog\cl.read.1.tlog
c:\users\thoma\documents\github\graphics_proj_sem1\graphics_proj_sem1\release\dx11 framework.tlog\cl.write.1.tlog
c:\users\thoma\documents\github\graphics_proj_sem1\graphics_proj_sem1\release\dx11 framework.tlog\dx11 framework.write.1u.tlog
c:\users\thoma\documents\github\graphics_proj_sem1\graphics_proj_sem1\release\dx11 framework.tlog\link.command.1.tlog
c:\users\thoma\documents\github\graphics_proj_sem1\graphics_proj_sem1\release\dx11 framework.tlog\link.read.1.tlog
c:\users\thoma\documents\github\graphics_proj_sem1\graphics_proj_sem1\release\dx11 framework.tlog\link.write.1.tlog
c:\users\thoma\documents\github\graphics_proj_sem1\graphics_proj_sem1\release\dx11 framework.tlog\rc.command.1.tlog
c:\users\thoma\documents\github\graphics_proj_sem1\graphics_proj_sem1\release\dx11 framework.tlog\rc.read.1.tlog
c:\users\thoma\documents\github\graphics_proj_sem1\graphics_proj_sem1\release\dx11 framework.tlog\rc.write.1.tlog
